# Preference setting overrides
gui_create_pref_key -category {Globals} -key {load_detail_for_funcov} -value_type {bool} -value {false}

# State setting overrides
gui_state_default_create -off -ini
gui_set_state_value -category Globals -key recent_databases -value {{gui_open_db -file vcdplus.vpd -design V1} {gui_open_db -file /gaia/class/cs2731/cs273118/EEE273/Project2/vcdplus.vpd -design V1} {gui_open_db -file /gaia/class/cs2731/cs273118/EEE273/Project2/vcdplus.vpd -design V2} {gui_open_db -file /gaia/class/cs2731/cs273118/EEE273/bookExp/TFF/vcdplus.vpd -design V1} {gui_open_db -file /gaia/class/cs2731/cs273118/EEE273/bookExp/vcdplus.vpd -design V1}}
gui_set_state_value -category Globals -key recent_sessions -value {{gui_load_session -ignore_errors -file /gaia/class/cs2731/cs273118/EEE273/Project2/session.vcdplus.vpd.tcl -ignore_errors} {gui_load_session -ignore_errors -file /gaia/class/cs2731/cs273118/EEE273/Project2/session.vcdplus.vpd.tcl} {gui_load_session -ignore_errors -file /gaia/class/cs2731/cs273118/EEE273/Project2/session.tcl -ignore_errors}}
gui_set_state_value -category Layout -key child_console_size_x -value 674
gui_set_state_value -category Layout -key child_console_size_y -value 135
gui_set_state_value -category Layout -key child_data_coltype -value 58
gui_set_state_value -category Layout -key child_data_colvalue -value 81
gui_set_state_value -category Layout -key child_data_colvariable -value 123
gui_set_state_value -category Layout -key child_data_size_x -value 228
gui_set_state_value -category Layout -key child_data_size_y -value 382
gui_set_state_value -category Layout -key child_driver_size_x -value 357
gui_set_state_value -category Layout -key child_driver_size_y -value 179
gui_set_state_value -category Layout -key child_hier_col3 -value {-1}
gui_set_state_value -category Layout -key child_hier_colpd -value 0
gui_set_state_value -category Layout -key child_hier_size_x -value 221
gui_set_state_value -category Layout -key child_hier_size_y -value 382
gui_set_state_value -category Layout -key child_source_docknewline -value false
gui_set_state_value -category Layout -key child_source_pos_x -value {-2}
gui_set_state_value -category Layout -key child_source_pos_y -value {-18}
gui_set_state_value -category Layout -key child_source_size_x -value 228
gui_set_state_value -category Layout -key child_source_size_y -value 378
gui_set_state_value -category Layout -key child_wave_colname -value 196
gui_set_state_value -category Layout -key child_wave_colvalue -value 196
gui_set_state_value -category Layout -key child_wave_left -value 396
gui_set_state_value -category Layout -key child_wave_right -value 966
gui_set_state_value -category Layout -key main_pos_x -value 2298
gui_set_state_value -category Layout -key main_pos_y -value 410
gui_set_state_value -category Layout -key main_size_x -value 2972
gui_set_state_value -category Layout -key main_size_y -value 1074
gui_set_state_value -category Layout -key stand_wave_child_docknewline -value false
gui_set_state_value -category Layout -key stand_wave_child_pos_x -value {-2}
gui_set_state_value -category Layout -key stand_wave_child_pos_y -value {-18}
gui_set_state_value -category Layout -key stand_wave_child_size_x -value 1372
gui_set_state_value -category Layout -key stand_wave_child_size_y -value 663
gui_set_state_value -category Layout -key stand_wave_top_pos_x -value 1874
gui_set_state_value -category Layout -key stand_wave_top_pos_y -value 194
gui_set_state_value -category Layout -key stand_wave_top_size_x -value 3241
gui_set_state_value -category Layout -key stand_wave_top_size_y -value 979
gui_create_state_key -category FindDialog -key m_pMatchCase -value_type bool -value false
gui_create_state_key -category FindDialog -key m_pMatchWord -value_type bool -value false
gui_create_state_key -category FindDialog -key m_pUseCombo -value_type string -value {}
gui_create_state_key -category FindDialog -key m_pWrapAround -value_type bool -value true
gui_state_default_create -off

# Begin command logging
#gui_exit

